<?xml version="1.0" encoding="UTF-8"?>
<testsuite xmlns:xsi="http://www.w3.org/2001/XMLSchema-instance" xsi:noNamespaceSchemaLocation="https://maven.apache.org/surefire/maven-surefire-plugin/xsd/surefire-test-report-3.0.xsd" version="3.0" name="com.dh.server.emotion.EmotionCalculatorTest" time="0.012" tests="6" errors="0" skipped="0" failures="0">
  <properties>
[...]
</properties>
  <testcase name="shouldDefaultToNeutral" classname="com.dh.server.emotion.EmotionCalculatorTest" time="0.002"/>
  <testcase name="shouldRemoveEmotionTagFromText" classname="com.dh.server.emotion.EmotionCalculatorTest" time="0.001"/>
  <testcase name="shouldMapHappyToCorrectLive2DParams" classname="com.dh.server.emotion.EmotionCalculatorTest" time="0.002"/>
  <testcase name="shouldExtractEmotionFromLlmTag" classname="com.dh.server.emotion.EmotionCalculatorTest" time="0.001"/>
  <testcase name="shouldFallbackToRuleWhenNoTag" classname="com.dh.server.emotion.EmotionCalculatorTest" time="0.001"/>
  <testcase name="shouldHandleCaseInsensitiveEmotionTag" classname="com.dh.server.emotion.EmotionCalculatorTest" time="0.001"/>
</testsuite>